<?xml version="1.0" encoding="UTF-8"?>
<!-- Generated by org.testng.reporters.JUnitXMLReporter -->
<testsuite ignored="0" hostname="DESKTOP-M8CFESV" failures="0" tests="2" name="Test" time="5.553" errors="0" timestamp="2023-04-15T12:15:39 IST">
  <testcase classname="makeMyTrip.EndToEnd" name="@BeforeTest launch_Browser" time="5.477">
    <failure type="java.io.FileNotFoundException" message="C:\Users\Admin\My-Workplace\New_Maven\dir (The system cannot find the path specified)">
      <![CDATA[java.io.FileNotFoundException: C:\Users\Admin\My-Workplace\New_Maven\dir (The system cannot find the path specified)
at java.base/java.io.FileInputStream.open0(Native Method)
at java.base/java.io.FileInputStream.open(FileInputStream.java:216)
at java.base/java.io.FileInputStream.<init>(FileInputStream.java:157)
at java.base/java.io.FileInputStream.<init>(FileInputStream.java:111)
at utility.Utility.ReadPropertyFile(Utility.java:16)
at base.Browser_Setup.open_browser(Browser_Setup.java:49)
at makeMyTrip.EndToEnd.launch_Browser(EndToEnd.java:28)
... Removed 24 stack frames]]>
    </failure>
  </testcase> <!-- @BeforeTest launch_Browser -->
  <testcase classname="makeMyTrip.EndToEnd" name="@BeforeClass Set_Journey" time="-1.681541139115E9">
    <skipped/>
  </testcase> <!-- @BeforeClass Set_Journey -->
  <testcase classname="makeMyTrip.EndToEnd" name="validateResults" time="0.0">
    <skipped/>
  </testcase> <!-- validateResults -->
  <testcase classname="makeMyTrip.EndToEnd" name="validateResults2" time="0.0">
    <skipped/>
  </testcase> <!-- validateResults2 -->
</testsuite> <!-- Test -->
